Using pre-set license

 COMMAND LINE ARGUMENTS:
/Applications/Unity/Hub/Editor/2020.3.5f1/Unity.app/Contents/MacOS/Unity
-adb2
-batchMode
-noUpm
-name
AssetImportWorker0
-projectPath
/Users/s.takama/Desktop/Script Test
-logFile
Logs/AssetImportWorker0.log
-srvPort
60787
Successfully changed project path to: /Users/s.takama/Desktop/Script Test
/Users/s.takama/Desktop/Script Test
Using Asset Import Pipeline V2.
Refreshing native plugins compatible for Editor in 59.20 ms, found 1 plugins.
Preloading 0 native plugins for Editor in 0.00 ms.
Initialize engine version: 2020.3.5f1 (8095aa901b9b)
[Subsystems] Discovering subsystems at path /Applications/Unity/Hub/Editor/2020.3.5f1/Unity.app/Contents/Resources/UnitySubsystems
[Subsystems] Discovering subsystems at path /Users/s.takama/Desktop/Script Test/Assets
GfxDevice: creating device client; threaded=0
2021-07-05 20:57:00.534 Unity[30363:866237] Color LCD preferred device: Intel(R) UHD Graphics 617 (low power)
2021-07-05 20:57:00.534 Unity[30363:866237] Metal devices available: 1
2021-07-05 20:57:00.534 Unity[30363:866237] 0: Intel(R) UHD Graphics 617 (low power)
2021-07-05 20:57:00.535 Unity[30363:866237] Using device Intel(R) UHD Graphics 617 (low power)
Initializing Metal device caps: Intel(R) UHD Graphics 617
Initialize mono
Mono path[0] = '/Applications/Unity/Hub/Editor/2020.3.5f1/Unity.app/Contents/Managed'
Mono path[1] = '/Applications/Unity/Hub/Editor/2020.3.5f1/Unity.app/Contents/MonoBleedingEdge/lib/mono/unityjit'
Mono config path = '/Applications/Unity/Hub/Editor/2020.3.5f1/Unity.app/Contents/MonoBleedingEdge/etc'
Using monoOptions --debugger-agent=transport=dt_socket,embedding=1,server=y,suspend=n,address=127.0.0.1:56363
Begin MonoManager ReloadAssembly
Registering precompiled unity dll's ...
Register platform support module: /Applications/Unity/Hub/Editor/2020.3.5f1/PlaybackEngines/WebGLSupport/UnityEditor.WebGL.Extensions.dll
Register platform support module: /Applications/Unity/Hub/Editor/2020.3.5f1/Unity.app/Contents/PlaybackEngines/MacStandaloneSupport/UnityEditor.OSXStandalone.Extensions.dll
Registered in 0.003059 seconds.
Native extension for OSXStandalone target not found
Native extension for WebGL target not found
Refreshing native plugins compatible for Editor in 32.26 ms, found 1 plugins.
Preloading 0 native plugins for Editor in 0.00 ms.
Mono: successfully reloaded assembly
- Completed reload, in  2.265 seconds
Platform modules already initialized, skipping
Registering precompiled user dll's ...
Registered in 0.001132 seconds.
Begin MonoManager ReloadAssembly
Native extension for OSXStandalone target not found
Native extension for WebGL target not found
Refreshing native plugins compatible for Editor in 0.40 ms, found 1 plugins.
Preloading 0 native plugins for Editor in 0.00 ms.
Mono: successfully reloaded assembly
- Completed reload, in  1.597 seconds
Platform modules already initialized, skipping
========================================================================
Worker process is ready to serve import requests
Launching external process: /Applications/Unity/Hub/Editor/2020.3.5f1/Unity.app/Contents/Tools/UnityShaderCompiler
Launched and connected shader compiler UnityShaderCompiler after 0.02 seconds
Refreshing native plugins compatible for Editor in 0.37 ms, found 1 plugins.
Preloading 0 native plugins for Editor in 0.00 ms.
Unloading 1116 Unused Serialized files (Serialized files now loaded: 0)
System memory in use before: 111.3 MB.
System memory in use after: 111.3 MB.

Unloading 10 unused Assets to reduce memory usage. Loaded Objects now: 1558.
Total: 2.903271 ms (FindLiveObjects: 0.302918 ms CreateObjectMapping: 0.085909 ms MarkObjects: 2.390321 ms  DeleteObjects: 0.122540 ms)

========================================================================
Received Import Request.
  path: Assets/Test.cs
  artifactKey: Guid(9bb18249599b94c21bb46ecc9201dcfa) Importer(815301076,1909f56bfc062723c751e8b465ee728b)
Start importing Assets/Test.cs using Guid(9bb18249599b94c21bb46ecc9201dcfa) Importer(815301076,1909f56bfc062723c751e8b465ee728b)  -> (artifact id: 'cd149d6c34088c1c88f3e346f1d883f4') in 0.232874 seconds
  Import took 0.237029 seconds .

========================================================================
Received Prepare
Registering precompiled user dll's ...
Registered in 0.000397 seconds.
Begin MonoManager ReloadAssembly
Native extension for OSXStandalone target not found
Native extension for WebGL target not found
Refreshing native plugins compatible for Editor in 0.22 ms, found 1 plugins.
Preloading 0 native plugins for Editor in 0.00 ms.
Mono: successfully reloaded assembly
- Completed reload, in  1.315 seconds
Platform modules already initialized, skipping
Refreshing native plugins compatible for Editor in 0.22 ms, found 1 plugins.
Preloading 0 native plugins for Editor in 0.00 ms.
Unloading 1111 Unused Serialized files (Serialized files now loaded: 0)
System memory in use before: 116.0 MB.
System memory in use after: 116.0 MB.

Unloading 5 unused Assets to reduce memory usage. Loaded Objects now: 1561.
Total: 2.234400 ms (FindLiveObjects: 0.252735 ms CreateObjectMapping: 0.053065 ms MarkObjects: 1.861042 ms  DeleteObjects: 0.065609 ms)

========================================================================
Received Import Request.
  Time since last request: 62809.358923 seconds.
  path: Assets/Test.cs
  artifactKey: Guid(9bb18249599b94c21bb46ecc9201dcfa) Importer(815301076,1909f56bfc062723c751e8b465ee728b)
Start importing Assets/Test.cs using Guid(9bb18249599b94c21bb46ecc9201dcfa) Importer(815301076,1909f56bfc062723c751e8b465ee728b)  -> (artifact id: '1f79baf0446a4cec558a17fec3395dc0') in 0.039952 seconds
  Import took 0.059055 seconds .

========================================================================
Received Prepare
Registering precompiled user dll's ...
Registered in 0.000442 seconds.
Begin MonoManager ReloadAssembly
Native extension for OSXStandalone target not found
Native extension for WebGL target not found
Refreshing native plugins compatible for Editor in 0.22 ms, found 1 plugins.
Preloading 0 native plugins for Editor in 0.00 ms.
Mono: successfully reloaded assembly
- Completed reload, in  1.194 seconds
Platform modules already initialized, skipping
Refreshing native plugins compatible for Editor in 0.27 ms, found 1 plugins.
Preloading 0 native plugins for Editor in 0.00 ms.
Unloading 1111 Unused Serialized files (Serialized files now loaded: 0)
System memory in use before: 116.1 MB.
System memory in use after: 116.1 MB.

Unloading 5 unused Assets to reduce memory usage. Loaded Objects now: 1564.
Total: 2.318956 ms (FindLiveObjects: 0.196860 ms CreateObjectMapping: 0.050273 ms MarkObjects: 1.935808 ms  DeleteObjects: 0.133453 ms)

========================================================================
Received Prepare
Registering precompiled user dll's ...
Registered in 0.000438 seconds.
Begin MonoManager ReloadAssembly
Native extension for OSXStandalone target not found
Native extension for WebGL target not found
Refreshing native plugins compatible for Editor in 0.25 ms, found 1 plugins.
Preloading 0 native plugins for Editor in 0.00 ms.
Mono: successfully reloaded assembly
- Completed reload, in  1.087 seconds
Platform modules already initialized, skipping
Refreshing native plugins compatible for Editor in 0.26 ms, found 1 plugins.
Preloading 0 native plugins for Editor in 0.00 ms.
Unloading 1111 Unused Serialized files (Serialized files now loaded: 0)
System memory in use before: 116.2 MB.
System memory in use after: 116.3 MB.

Unloading 5 unused Assets to reduce memory usage. Loaded Objects now: 1567.
Total: 2.595919 ms (FindLiveObjects: 0.342818 ms CreateObjectMapping: 0.073288 ms MarkObjects: 2.088723 ms  DeleteObjects: 0.088875 ms)

========================================================================
Received Import Request.
  Time since last request: 192.460587 seconds.
  path: Assets/Test.cs
  artifactKey: Guid(9bb18249599b94c21bb46ecc9201dcfa) Importer(815301076,1909f56bfc062723c751e8b465ee728b)
Start importing Assets/Test.cs using Guid(9bb18249599b94c21bb46ecc9201dcfa) Importer(815301076,1909f56bfc062723c751e8b465ee728b)  -> (artifact id: 'e1ac554fac8ea1c321b2bcab45e378e3') in 0.011288 seconds
  Import took 0.015409 seconds .

========================================================================
Received Prepare
Registering precompiled user dll's ...
Registered in 0.000451 seconds.
Begin MonoManager ReloadAssembly
Native extension for OSXStandalone target not found
Native extension for WebGL target not found
Refreshing native plugins compatible for Editor in 0.24 ms, found 1 plugins.
Preloading 0 native plugins for Editor in 0.00 ms.
Mono: successfully reloaded assembly
- Completed reload, in  1.119 seconds
Platform modules already initialized, skipping
Refreshing native plugins compatible for Editor in 0.24 ms, found 1 plugins.
Preloading 0 native plugins for Editor in 0.00 ms.
Unloading 1111 Unused Serialized files (Serialized files now loaded: 0)
System memory in use before: 116.5 MB.
System memory in use after: 116.6 MB.

Unloading 5 unused Assets to reduce memory usage. Loaded Objects now: 1570.
Total: 2.867458 ms (FindLiveObjects: 0.352341 ms CreateObjectMapping: 0.090006 ms MarkObjects: 2.341531 ms  DeleteObjects: 0.081324 ms)

========================================================================
Received Import Request.
  Time since last request: 925.814442 seconds.
  path: Assets/Test.cs
  artifactKey: Guid(9bb18249599b94c21bb46ecc9201dcfa) Importer(815301076,1909f56bfc062723c751e8b465ee728b)
Start importing Assets/Test.cs using Guid(9bb18249599b94c21bb46ecc9201dcfa) Importer(815301076,1909f56bfc062723c751e8b465ee728b)  -> (artifact id: '83df211e0968a736048b6259877d783f') in 0.012852 seconds
  Import took 0.016554 seconds .

========================================================================
Received Prepare
Registering precompiled user dll's ...
Registered in 0.000395 seconds.
Begin MonoManager ReloadAssembly
Native extension for OSXStandalone target not found
Native extension for WebGL target not found
Refreshing native plugins compatible for Editor in 0.22 ms, found 1 plugins.
Preloading 0 native plugins for Editor in 0.00 ms.
Mono: successfully reloaded assembly
- Completed reload, in  1.086 seconds
Platform modules already initialized, skipping
Refreshing native plugins compatible for Editor in 0.29 ms, found 1 plugins.
Preloading 0 native plugins for Editor in 0.00 ms.
Unloading 1111 Unused Serialized files (Serialized files now loaded: 0)
System memory in use before: 116.6 MB.
System memory in use after: 116.7 MB.

Unloading 5 unused Assets to reduce memory usage. Loaded Objects now: 1573.
Total: 2.914261 ms (FindLiveObjects: 0.363500 ms CreateObjectMapping: 0.087192 ms MarkObjects: 2.390957 ms  DeleteObjects: 0.070225 ms)

========================================================================
Received Import Request.
  Time since last request: 2125.864970 seconds.
  path: Assets/Test.cs
  artifactKey: Guid(9bb18249599b94c21bb46ecc9201dcfa) Importer(815301076,1909f56bfc062723c751e8b465ee728b)
Start importing Assets/Test.cs using Guid(9bb18249599b94c21bb46ecc9201dcfa) Importer(815301076,1909f56bfc062723c751e8b465ee728b)  -> (artifact id: '95a3b3d9ff66cd59a03237886b6397c8') in 0.009748 seconds
  Import took 0.013560 seconds .

========================================================================
Received Import Request.
  Time since last request: 0.087882 seconds.
  path: Assets/Test.cs
  artifactKey: Guid(9bb18249599b94c21bb46ecc9201dcfa) Importer(815301076,1909f56bfc062723c751e8b465ee728b)
Start importing Assets/Test.cs using Guid(9bb18249599b94c21bb46ecc9201dcfa) Importer(815301076,1909f56bfc062723c751e8b465ee728b)  -> (artifact id: '95a3b3d9ff66cd59a03237886b6397c8') in 0.005723 seconds
  Import took 0.008818 seconds .

========================================================================
Received Prepare
Registering precompiled user dll's ...
Registered in 0.000448 seconds.
Begin MonoManager ReloadAssembly
Native extension for OSXStandalone target not found
Native extension for WebGL target not found
Refreshing native plugins compatible for Editor in 0.26 ms, found 1 plugins.
Preloading 0 native plugins for Editor in 0.00 ms.
Mono: successfully reloaded assembly
- Completed reload, in  1.047 seconds
Platform modules already initialized, skipping
Refreshing native plugins compatible for Editor in 0.28 ms, found 1 plugins.
Preloading 0 native plugins for Editor in 0.00 ms.
Unloading 1111 Unused Serialized files (Serialized files now loaded: 0)
System memory in use before: 116.8 MB.
System memory in use after: 116.9 MB.

Unloading 5 unused Assets to reduce memory usage. Loaded Objects now: 1576.
Total: 2.273182 ms (FindLiveObjects: 0.320100 ms CreateObjectMapping: 0.068544 ms MarkObjects: 1.813649 ms  DeleteObjects: 0.068494 ms)

========================================================================
Received Import Request.
  Time since last request: 270.099667 seconds.
  path: Assets/Test.cs
  artifactKey: Guid(9bb18249599b94c21bb46ecc9201dcfa) Importer(815301076,1909f56bfc062723c751e8b465ee728b)
Start importing Assets/Test.cs using Guid(9bb18249599b94c21bb46ecc9201dcfa) Importer(815301076,1909f56bfc062723c751e8b465ee728b)  -> (artifact id: 'e829adaf57148cfa0aa4a95ccda4e160') in 0.012227 seconds
  Import took 0.017961 seconds .

========================================================================
Received Prepare
Registering precompiled user dll's ...
Registered in 0.000461 seconds.
Begin MonoManager ReloadAssembly
Native extension for OSXStandalone target not found
Native extension for WebGL target not found
Refreshing native plugins compatible for Editor in 0.25 ms, found 1 plugins.
Preloading 0 native plugins for Editor in 0.00 ms.
Mono: successfully reloaded assembly
- Completed reload, in  1.124 seconds
Platform modules already initialized, skipping
Refreshing native plugins compatible for Editor in 0.37 ms, found 1 plugins.
Preloading 0 native plugins for Editor in 0.00 ms.
Unloading 1111 Unused Serialized files (Serialized files now loaded: 0)
System memory in use before: 117.0 MB.
System memory in use after: 117.1 MB.

Unloading 5 unused Assets to reduce memory usage. Loaded Objects now: 1579.
Total: 2.385740 ms (FindLiveObjects: 0.351556 ms CreateObjectMapping: 0.096179 ms MarkObjects: 1.871877 ms  DeleteObjects: 0.063685 ms)

========================================================================
Received Prepare
Registering precompiled user dll's ...
Registered in 0.000427 seconds.
Begin MonoManager ReloadAssembly
Native extension for OSXStandalone target not found
Native extension for WebGL target not found
Refreshing native plugins compatible for Editor in 0.24 ms, found 1 plugins.
Preloading 0 native plugins for Editor in 0.00 ms.
Mono: successfully reloaded assembly
- Completed reload, in  1.198 seconds
Platform modules already initialized, skipping
Refreshing native plugins compatible for Editor in 0.27 ms, found 1 plugins.
Preloading 0 native plugins for Editor in 0.00 ms.
Unloading 1111 Unused Serialized files (Serialized files now loaded: 0)
System memory in use before: 117.2 MB.
System memory in use after: 117.2 MB.

Unloading 5 unused Assets to reduce memory usage. Loaded Objects now: 1582.
Total: 2.198658 ms (FindLiveObjects: 0.223820 ms CreateObjectMapping: 0.047088 ms MarkObjects: 1.848284 ms  DeleteObjects: 0.077343 ms)

========================================================================
Received Prepare
Registering precompiled user dll's ...
Registered in 0.000405 seconds.
Begin MonoManager ReloadAssembly
Native extension for OSXStandalone target not found
Native extension for WebGL target not found
Refreshing native plugins compatible for Editor in 1.21 ms, found 1 plugins.
Preloading 0 native plugins for Editor in 0.00 ms.
Mono: successfully reloaded assembly
- Completed reload, in  1.446 seconds
Platform modules already initialized, skipping
Refreshing native plugins compatible for Editor in 0.23 ms, found 1 plugins.
Preloading 0 native plugins for Editor in 0.00 ms.
Unloading 1111 Unused Serialized files (Serialized files now loaded: 0)
System memory in use before: 117.4 MB.
System memory in use after: 117.4 MB.

Unloading 5 unused Assets to reduce memory usage. Loaded Objects now: 1585.
Total: 2.382300 ms (FindLiveObjects: 0.329177 ms CreateObjectMapping: 0.080934 ms MarkObjects: 1.894209 ms  DeleteObjects: 0.076181 ms)

========================================================================
Received Import Request.
  Time since last request: 622.791832 seconds.
  path: Assets/Test.cs
  artifactKey: Guid(9bb18249599b94c21bb46ecc9201dcfa) Importer(815301076,1909f56bfc062723c751e8b465ee728b)
Start importing Assets/Test.cs using Guid(9bb18249599b94c21bb46ecc9201dcfa) Importer(815301076,1909f56bfc062723c751e8b465ee728b)  -> (artifact id: 'c749f686713784930f9ba493783ce802') in 0.007989 seconds
  Import took 0.011258 seconds .

========================================================================
Received Prepare
Registering precompiled user dll's ...
Registered in 0.000636 seconds.
Begin MonoManager ReloadAssembly
Native extension for OSXStandalone target not found
Native extension for WebGL target not found
Refreshing native plugins compatible for Editor in 0.28 ms, found 1 plugins.
Preloading 0 native plugins for Editor in 0.00 ms.
Mono: successfully reloaded assembly
- Completed reload, in  1.221 seconds
Platform modules already initialized, skipping
Refreshing native plugins compatible for Editor in 0.40 ms, found 1 plugins.
Preloading 0 native plugins for Editor in 0.00 ms.
Unloading 1111 Unused Serialized files (Serialized files now loaded: 0)
System memory in use before: 117.5 MB.
System memory in use after: 117.6 MB.

Unloading 5 unused Assets to reduce memory usage. Loaded Objects now: 1588.
Total: 2.241768 ms (FindLiveObjects: 0.296677 ms CreateObjectMapping: 0.163607 ms MarkObjects: 1.715537 ms  DeleteObjects: 0.064425 ms)

========================================================================
Received Import Request.
  Time since last request: 123.798704 seconds.
  path: Assets/Test.cs
  artifactKey: Guid(9bb18249599b94c21bb46ecc9201dcfa) Importer(815301076,1909f56bfc062723c751e8b465ee728b)
Start importing Assets/Test.cs using Guid(9bb18249599b94c21bb46ecc9201dcfa) Importer(815301076,1909f56bfc062723c751e8b465ee728b)  -> (artifact id: 'a3b6ba94216ce98f233a1cc215ea41bc') in 0.007047 seconds
  Import took 0.009734 seconds .

========================================================================
Received Prepare
Registering precompiled user dll's ...
Registered in 0.000435 seconds.
Begin MonoManager ReloadAssembly
Native extension for OSXStandalone target not found
Native extension for WebGL target not found
Refreshing native plugins compatible for Editor in 0.28 ms, found 1 plugins.
Preloading 0 native plugins for Editor in 0.00 ms.
Mono: successfully reloaded assembly
- Completed reload, in  1.260 seconds
Platform modules already initialized, skipping
Refreshing native plugins compatible for Editor in 0.25 ms, found 1 plugins.
Preloading 0 native plugins for Editor in 0.00 ms.
Unloading 1111 Unused Serialized files (Serialized files now loaded: 0)
System memory in use before: 117.7 MB.
System memory in use after: 117.7 MB.

Unloading 5 unused Assets to reduce memory usage. Loaded Objects now: 1591.
Total: 2.420798 ms (FindLiveObjects: 0.347797 ms CreateObjectMapping: 0.199899 ms MarkObjects: 1.806010 ms  DeleteObjects: 0.065143 ms)

========================================================================
Received Prepare
Registering precompiled user dll's ...
Registered in 0.000637 seconds.
Begin MonoManager ReloadAssembly
Native extension for OSXStandalone target not found
Native extension for WebGL target not found
Refreshing native plugins compatible for Editor in 0.37 ms, found 1 plugins.
Preloading 0 native plugins for Editor in 0.00 ms.
Mono: successfully reloaded assembly
- Completed reload, in  1.742 seconds
Platform modules already initialized, skipping
Refreshing native plugins compatible for Editor in 0.24 ms, found 1 plugins.
Preloading 0 native plugins for Editor in 0.00 ms.
Unloading 1111 Unused Serialized files (Serialized files now loaded: 0)
System memory in use before: 117.9 MB.
System memory in use after: 117.9 MB.

Unloading 5 unused Assets to reduce memory usage. Loaded Objects now: 1594.
Total: 1.882750 ms (FindLiveObjects: 0.171984 ms CreateObjectMapping: 0.044764 ms MarkObjects: 1.602004 ms  DeleteObjects: 0.061561 ms)

========================================================================
Received Import Request.
  Time since last request: 83.317005 seconds.
  path: Assets/Test.cs
  artifactKey: Guid(9bb18249599b94c21bb46ecc9201dcfa) Importer(815301076,1909f56bfc062723c751e8b465ee728b)
Start importing Assets/Test.cs using Guid(9bb18249599b94c21bb46ecc9201dcfa) Importer(815301076,1909f56bfc062723c751e8b465ee728b)  -> (artifact id: 'aa99a2e69639475e9cd96ea7047185c3') in 0.008646 seconds
  Import took 0.011862 seconds .

========================================================================
Received Prepare
Registering precompiled user dll's ...
Registered in 0.000562 seconds.
Begin MonoManager ReloadAssembly
Native extension for OSXStandalone target not found
Native extension for WebGL target not found
Refreshing native plugins compatible for Editor in 0.23 ms, found 1 plugins.
Preloading 0 native plugins for Editor in 0.00 ms.
Mono: successfully reloaded assembly
- Completed reload, in  1.239 seconds
Platform modules already initialized, skipping
Refreshing native plugins compatible for Editor in 0.24 ms, found 1 plugins.
Preloading 0 native plugins for Editor in 0.00 ms.
Unloading 1111 Unused Serialized files (Serialized files now loaded: 0)
System memory in use before: 118.1 MB.
System memory in use after: 118.2 MB.

Unloading 5 unused Assets to reduce memory usage. Loaded Objects now: 1597.
Total: 2.142333 ms (FindLiveObjects: 0.316478 ms CreateObjectMapping: 0.067945 ms MarkObjects: 1.692669 ms  DeleteObjects: 0.063638 ms)

========================================================================
Received Prepare
Registering precompiled user dll's ...
Registered in 0.001119 seconds.
Begin MonoManager ReloadAssembly
Native extension for OSXStandalone target not found
Native extension for WebGL target not found
Refreshing native plugins compatible for Editor in 0.43 ms, found 1 plugins.
Preloading 0 native plugins for Editor in 0.00 ms.
Mono: successfully reloaded assembly
- Completed reload, in  1.508 seconds
Platform modules already initialized, skipping
Refreshing native plugins compatible for Editor in 0.43 ms, found 1 plugins.
Preloading 0 native plugins for Editor in 0.00 ms.
Unloading 1111 Unused Serialized files (Serialized files now loaded: 0)
System memory in use before: 118.3 MB.
System memory in use after: 118.3 MB.

Unloading 5 unused Assets to reduce memory usage. Loaded Objects now: 1600.
Total: 2.232155 ms (FindLiveObjects: 0.228726 ms CreateObjectMapping: 0.053084 ms MarkObjects: 1.878910 ms  DeleteObjects: 0.070017 ms)

========================================================================
Received Import Request.
  Time since last request: 115.320346 seconds.
  path: Assets/Test.cs
  artifactKey: Guid(9bb18249599b94c21bb46ecc9201dcfa) Importer(815301076,1909f56bfc062723c751e8b465ee728b)
Start importing Assets/Test.cs using Guid(9bb18249599b94c21bb46ecc9201dcfa) Importer(815301076,1909f56bfc062723c751e8b465ee728b)  -> (artifact id: 'e02d57de307320c1ba3a72454e7ad03b') in 0.006792 seconds
  Import took 0.009710 seconds .

========================================================================
Received Prepare
Registering precompiled user dll's ...
Registered in 0.000379 seconds.
Begin MonoManager ReloadAssembly
Native extension for OSXStandalone target not found
Native extension for WebGL target not found
Refreshing native plugins compatible for Editor in 0.30 ms, found 1 plugins.
Preloading 0 native plugins for Editor in 0.00 ms.
Mono: successfully reloaded assembly
- Completed reload, in  1.154 seconds
Platform modules already initialized, skipping
Refreshing native plugins compatible for Editor in 0.27 ms, found 1 plugins.
Preloading 0 native plugins for Editor in 0.00 ms.
Unloading 1111 Unused Serialized files (Serialized files now loaded: 0)
System memory in use before: 118.4 MB.
System memory in use after: 118.5 MB.

Unloading 5 unused Assets to reduce memory usage. Loaded Objects now: 1603.
Total: 2.246120 ms (FindLiveObjects: 0.277554 ms CreateObjectMapping: 0.066578 ms MarkObjects: 1.819130 ms  DeleteObjects: 0.080566 ms)

========================================================================
Received Prepare
Registering precompiled user dll's ...
Registered in 0.002632 seconds.
Begin MonoManager ReloadAssembly
Native extension for OSXStandalone target not found
Native extension for WebGL target not found
Refreshing native plugins compatible for Editor in 0.21 ms, found 1 plugins.
Preloading 0 native plugins for Editor in 0.00 ms.
Mono: successfully reloaded assembly
- Completed reload, in  1.095 seconds
Platform modules already initialized, skipping
Refreshing native plugins compatible for Editor in 0.33 ms, found 1 plugins.
Preloading 0 native plugins for Editor in 0.00 ms.
Unloading 1111 Unused Serialized files (Serialized files now loaded: 0)
System memory in use before: 118.6 MB.
System memory in use after: 118.7 MB.

Unloading 5 unused Assets to reduce memory usage. Loaded Objects now: 1606.
Total: 2.169702 ms (FindLiveObjects: 0.227787 ms CreateObjectMapping: 0.048362 ms MarkObjects: 1.823675 ms  DeleteObjects: 0.068443 ms)

